<?xml version="1.0" encoding="UTF-8"?>
<!-- Generated by org.testng.reporters.JUnitXMLReporter -->
<testsuite hostname="WKWIN2879131" name="Test" tests="1" failures="1" timestamp="5 Apr 2019 09:49:55 GMT" time="43.768" errors="0">
  <testcase name="VerifySearchResultScreen_TC001" time="38.425" classname="instaHire.Tests.SC_001">
    <failure type="java.lang.AssertionError" message="Expected url not found on google search result expected [true] but found [false]">
      <![CDATA[java.lang.AssertionError: Expected url not found on google search result expected [true] but found [false]
	at instaHire.Tests.SC_001.VerifySearchResultScreen_TC001(SC_001.java:42)
	at org.apache.maven.surefire.testng.TestNGExecutor.run(TestNGExecutor.java:295)
	at org.apache.maven.surefire.testng.TestNGXmlTestSuite.execute(TestNGXmlTestSuite.java:84)
	at org.apache.maven.surefire.testng.TestNGProvider.invoke(TestNGProvider.java:90)
	at org.apache.maven.surefire.booter.ForkedBooter.invokeProviderInSameClassLoader(ForkedBooter.java:203)
	at org.apache.maven.surefire.booter.ForkedBooter.runSuitesInProcess(ForkedBooter.java:155)
	at org.apache.maven.surefire.booter.ForkedBooter.main(ForkedBooter.java:103)
... Removed 24 stack frames]]>
    </failure>
  </testcase> <!-- VerifySearchResultScreen_TC001 -->
</testsuite> <!-- Test -->
