<?xml version="1.0" encoding="UTF-8"?>
<testng-results skipped="0" failed="1" total="3" passed="2">
  <reporter-output>
    <line>
      <![CDATA[Application started and page is on google search.]]>
    </line>
    <line>
      <![CDATA[Application started and page is on google search.]]>
    </line>
    <line>
      <![CDATA[Entered seach item :instawork]]>
    </line>
    <line>
      <![CDATA[Entered seach item :instawork]]>
    </line>
    <line>
      <![CDATA[expected url found  on seach result.  page number : 1. Item number: 1]]>
    </line>
    <line>
      <![CDATA[expected url found  on seach result.  page number : 1. Item number: 1]]>
    </line>
    <line>
      <![CDATA[Application started and page is on google search.]]>
    </line>
    <line>
      <![CDATA[Unable to search.]]>
    </line>
  </reporter-output>
  <suite name="Suite" duration-ms="36744" started-at="2019-04-05T10:42:14Z" finished-at="2019-04-05T10:42:51Z">
    <groups>
    </groups>
    <test name="TestsForFF" duration-ms="17883" started-at="2019-04-05T10:42:14Z" finished-at="2019-04-05T10:42:32Z">
      <class name="instaHire.Tests.SC_001">
        <test-method status="PASS" signature="beforeTest(java.lang.String)[pri:0, instance:instaHire.Tests.SC_001@69d9c55]" name="beforeTest" is-config="true" duration-ms="12948" started-at="2019-04-05T16:12:14Z" finished-at="2019-04-05T16:12:27Z">
          <params>
            <param index="0">
              <value>
                <![CDATA[WinFF]]>
              </value>
            </param>
          </params>
          <reporter-output>
          </reporter-output>
        </test-method> <!-- beforeTest -->
        <test-method status="PASS" signature="beforeMethod()[pri:0, instance:instaHire.Tests.SC_001@69d9c55]" name="beforeMethod" is-config="true" duration-ms="1299" started-at="2019-04-05T16:12:27Z" finished-at="2019-04-05T16:12:28Z">
          <reporter-output>
          </reporter-output>
        </test-method> <!-- beforeMethod -->
        <test-method status="PASS" signature="VerifySearchResultScreen_TC001()[pri:0, instance:instaHire.Tests.SC_001@69d9c55]" name="VerifySearchResultScreen_TC001" duration-ms="1382" started-at="2019-04-05T16:12:28Z" finished-at="2019-04-05T16:12:29Z">
          <reporter-output>
            <line>
              <![CDATA[Application started and page is on google search.]]>
            </line>
            <line>
              <![CDATA[Entered seach item :instawork]]>
            </line>
            <line>
              <![CDATA[expected url found  on seach result.  page number : 1. Item number: 1]]>
            </line>
          </reporter-output>
        </test-method> <!-- VerifySearchResultScreen_TC001 -->
        <test-method status="PASS" signature="afterMethod()[pri:0, instance:instaHire.Tests.SC_001@69d9c55]" name="afterMethod" is-config="true" duration-ms="0" started-at="2019-04-05T16:12:29Z" finished-at="2019-04-05T16:12:29Z">
          <reporter-output>
          </reporter-output>
        </test-method> <!-- afterMethod -->
        <test-method status="PASS" signature="afterTest()[pri:0, instance:instaHire.Tests.SC_001@69d9c55]" name="afterTest" is-config="true" duration-ms="2252" started-at="2019-04-05T16:12:29Z" finished-at="2019-04-05T16:12:32Z">
          <reporter-output>
          </reporter-output>
        </test-method> <!-- afterTest -->
      </class> <!-- instaHire.Tests.SC_001 -->
    </test> <!-- TestsForFF -->
    <test name="TestsForWinIE" duration-ms="18562" started-at="2019-04-05T10:42:14Z" finished-at="2019-04-05T10:42:32Z">
      <class name="instaHire.Tests.SC_001">
        <test-method status="PASS" signature="beforeTest(java.lang.String)[pri:0, instance:instaHire.Tests.SC_001@68837a77]" name="beforeTest" is-config="true" duration-ms="11747" started-at="2019-04-05T16:12:14Z" finished-at="2019-04-05T16:12:26Z">
          <params>
            <param index="0">
              <value>
                <![CDATA[WinIE]]>
              </value>
            </param>
          </params>
          <reporter-output>
          </reporter-output>
        </test-method> <!-- beforeTest -->
        <test-method status="PASS" signature="beforeMethod()[pri:0, instance:instaHire.Tests.SC_001@68837a77]" name="beforeMethod" is-config="true" duration-ms="779" started-at="2019-04-05T16:12:26Z" finished-at="2019-04-05T16:12:26Z">
          <reporter-output>
          </reporter-output>
        </test-method> <!-- beforeMethod -->
        <test-method status="PASS" signature="VerifySearchResultScreen_TC001()[pri:0, instance:instaHire.Tests.SC_001@68837a77]" name="VerifySearchResultScreen_TC001" duration-ms="5504" started-at="2019-04-05T16:12:26Z" finished-at="2019-04-05T16:12:32Z">
          <reporter-output>
            <line>
              <![CDATA[Application started and page is on google search.]]>
            </line>
            <line>
              <![CDATA[Entered seach item :instawork]]>
            </line>
            <line>
              <![CDATA[expected url found  on seach result.  page number : 1. Item number: 1]]>
            </line>
          </reporter-output>
        </test-method> <!-- VerifySearchResultScreen_TC001 -->
        <test-method status="PASS" signature="afterMethod()[pri:0, instance:instaHire.Tests.SC_001@68837a77]" name="afterMethod" is-config="true" duration-ms="0" started-at="2019-04-05T16:12:32Z" finished-at="2019-04-05T16:12:32Z">
          <reporter-output>
          </reporter-output>
        </test-method> <!-- afterMethod -->
        <test-method status="PASS" signature="afterTest()[pri:0, instance:instaHire.Tests.SC_001@68837a77]" name="afterTest" is-config="true" duration-ms="530" started-at="2019-04-05T16:12:32Z" finished-at="2019-04-05T16:12:32Z">
          <reporter-output>
          </reporter-output>
        </test-method> <!-- afterTest -->
      </class> <!-- instaHire.Tests.SC_001 -->
    </test> <!-- TestsForWinIE -->
    <test name="TestsForWinChrome" duration-ms="36744" started-at="2019-04-05T10:42:14Z" finished-at="2019-04-05T10:42:51Z">
      <class name="instaHire.Tests.SC_001">
        <test-method status="PASS" signature="beforeTest(java.lang.String)[pri:0, instance:instaHire.Tests.SC_001@12843fce]" name="beforeTest" is-config="true" duration-ms="4692" started-at="2019-04-05T16:12:14Z" finished-at="2019-04-05T16:12:18Z">
          <params>
            <param index="0">
              <value>
                <![CDATA[WinChrome]]>
              </value>
            </param>
          </params>
          <reporter-output>
          </reporter-output>
        </test-method> <!-- beforeTest -->
        <test-method status="PASS" signature="beforeMethod()[pri:0, instance:instaHire.Tests.SC_001@12843fce]" name="beforeMethod" is-config="true" duration-ms="21268" started-at="2019-04-05T16:12:18Z" finished-at="2019-04-05T16:12:40Z">
          <reporter-output>
          </reporter-output>
        </test-method> <!-- beforeMethod -->
        <test-method status="FAIL" signature="VerifySearchResultScreen_TC001()[pri:0, instance:instaHire.Tests.SC_001@12843fce]" name="VerifySearchResultScreen_TC001" duration-ms="10116" started-at="2019-04-05T16:12:40Z" finished-at="2019-04-05T16:12:50Z">
          <exception class="org.openqa.selenium.NoSuchElementException">
            <message>
              <![CDATA[no such element: Unable to locate element: {"method":"name","selector":"q"}
  (Session info: chrome=73.0.3683.86)
  (Driver info: chromedriver=73.0.3683.68 (47787ec04b6e38e22703e856e101e840b65afe72),platform=Windows NT 10.0.17134 x86_64) (WARNING: The server did not provide any stacktrace information)
Command duration or timeout: 0 milliseconds
For documentation on this error, please visit: https://www.seleniumhq.org/exceptions/no_such_element.html
Build info: version: '3.141.59', revision: 'e82be7d358', time: '2018-11-14T08:17:03'
System info: host: 'WKWIN2879131', ip: '10.150.121.123', os.name: 'Windows 10', os.arch: 'amd64', os.version: '10.0', java.version: '1.8.0_191'
Driver info: org.openqa.selenium.chrome.ChromeDriver
Capabilities {acceptInsecureCerts: false, acceptSslCerts: false, applicationCacheEnabled: false, browserConnectionEnabled: false, browserName: chrome, chrome: {chromedriverVersion: 73.0.3683.68 (47787ec04b6e3..., userDataDir: C:\Users\SAMNAY~1\AppData\L...}, cssSelectorsEnabled: true, databaseEnabled: false, goog:chromeOptions: {debuggerAddress: localhost:64850}, handlesAlerts: true, hasTouchScreen: false, javascriptEnabled: true, locationContextEnabled: true, mobileEmulationEnabled: false, nativeEvents: true, networkConnectionEnabled: false, pageLoadStrategy: normal, platform: XP, platformName: XP, proxy: Proxy(), rotatable: false, setWindowRect: true, strictFileInteractability: false, takesHeapSnapshot: true, takesScreenshot: true, timeouts: {implicit: 0, pageLoad: 300000, script: 30000}, unexpectedAlertBehaviour: ignore, unhandledPromptBehavior: ignore, version: 73.0.3683.86, webStorageEnabled: true}
Session ID: ce644da790e07bdd5686e5bd92182299
*** Element info: {Using=name, value=q}]]>
            </message>
            <full-stacktrace>
              <![CDATA[org.openqa.selenium.NoSuchElementException: no such element: Unable to locate element: {"method":"name","selector":"q"}
  (Session info: chrome=73.0.3683.86)
  (Driver info: chromedriver=73.0.3683.68 (47787ec04b6e38e22703e856e101e840b65afe72),platform=Windows NT 10.0.17134 x86_64) (WARNING: The server did not provide any stacktrace information)
Command duration or timeout: 0 milliseconds
For documentation on this error, please visit: https://www.seleniumhq.org/exceptions/no_such_element.html
Build info: version: '3.141.59', revision: 'e82be7d358', time: '2018-11-14T08:17:03'
System info: host: 'WKWIN2879131', ip: '10.150.121.123', os.name: 'Windows 10', os.arch: 'amd64', os.version: '10.0', java.version: '1.8.0_191'
Driver info: org.openqa.selenium.chrome.ChromeDriver
Capabilities {acceptInsecureCerts: false, acceptSslCerts: false, applicationCacheEnabled: false, browserConnectionEnabled: false, browserName: chrome, chrome: {chromedriverVersion: 73.0.3683.68 (47787ec04b6e3..., userDataDir: C:\Users\SAMNAY~1\AppData\L...}, cssSelectorsEnabled: true, databaseEnabled: false, goog:chromeOptions: {debuggerAddress: localhost:64850}, handlesAlerts: true, hasTouchScreen: false, javascriptEnabled: true, locationContextEnabled: true, mobileEmulationEnabled: false, nativeEvents: true, networkConnectionEnabled: false, pageLoadStrategy: normal, platform: XP, platformName: XP, proxy: Proxy(), rotatable: false, setWindowRect: true, strictFileInteractability: false, takesHeapSnapshot: true, takesScreenshot: true, timeouts: {implicit: 0, pageLoad: 300000, script: 30000}, unexpectedAlertBehaviour: ignore, unhandledPromptBehavior: ignore, version: 73.0.3683.86, webStorageEnabled: true}
Session ID: ce644da790e07bdd5686e5bd92182299
*** Element info: {Using=name, value=q}
	at sun.reflect.NativeConstructorAccessorImpl.newInstance0(Native Method)
	at sun.reflect.NativeConstructorAccessorImpl.newInstance(NativeConstructorAccessorImpl.java:62)
	at sun.reflect.DelegatingConstructorAccessorImpl.newInstance(DelegatingConstructorAccessorImpl.java:45)
	at java.lang.reflect.Constructor.newInstance(Constructor.java:423)
	at org.openqa.selenium.remote.ErrorHandler.createThrowable(ErrorHandler.java:214)
	at org.openqa.selenium.remote.ErrorHandler.throwIfResponseFailed(ErrorHandler.java:166)
	at org.openqa.selenium.remote.http.JsonHttpResponseCodec.reconstructValue(JsonHttpResponseCodec.java:40)
	at org.openqa.selenium.remote.http.AbstractHttpResponseCodec.decode(AbstractHttpResponseCodec.java:80)
	at org.openqa.selenium.remote.http.AbstractHttpResponseCodec.decode(AbstractHttpResponseCodec.java:44)
	at org.openqa.selenium.remote.HttpCommandExecutor.execute(HttpCommandExecutor.java:158)
	at org.openqa.selenium.remote.service.DriverCommandExecutor.execute(DriverCommandExecutor.java:83)
	at org.openqa.selenium.remote.RemoteWebDriver.execute(RemoteWebDriver.java:552)
	at org.openqa.selenium.remote.RemoteWebDriver.findElement(RemoteWebDriver.java:323)
	at org.openqa.selenium.remote.RemoteWebDriver.findElementByName(RemoteWebDriver.java:404)
	at org.openqa.selenium.By$ByName.findElement(By.java:284)
	at org.openqa.selenium.remote.RemoteWebDriver.findElement(RemoteWebDriver.java:315)
	at org.openqa.selenium.support.pagefactory.DefaultElementLocator.findElement(DefaultElementLocator.java:69)
	at org.openqa.selenium.support.pagefactory.internal.LocatingElementHandler.invoke(LocatingElementHandler.java:38)
	at com.sun.proxy.$Proxy11.sendKeys(Unknown Source)
	at instaHire.Pages.GoogleSearchScreen.pressEnterKeyOnSearch(GoogleSearchScreen.java:45)
	at instaHire.Tests.SC_001.VerifySearchResultScreen_TC001(SC_001.java:43)
	at sun.reflect.NativeMethodAccessorImpl.invoke0(Native Method)
	at sun.reflect.NativeMethodAccessorImpl.invoke(NativeMethodAccessorImpl.java:62)
	at sun.reflect.DelegatingMethodAccessorImpl.invoke(DelegatingMethodAccessorImpl.java:43)
	at java.lang.reflect.Method.invoke(Method.java:498)
	at org.testng.internal.MethodInvocationHelper.invokeMethod(MethodInvocationHelper.java:80)
	at org.testng.internal.Invoker.invokeMethod(Invoker.java:714)
	at org.testng.internal.Invoker.invokeTestMethod(Invoker.java:901)
	at org.testng.internal.Invoker.invokeTestMethods(Invoker.java:1231)
	at org.testng.internal.TestMethodWorker.invokeTestMethods(TestMethodWorker.java:127)
	at org.testng.internal.TestMethodWorker.run(TestMethodWorker.java:111)
	at org.testng.TestRunner.privateRun(TestRunner.java:767)
	at org.testng.TestRunner.run(TestRunner.java:617)
	at org.testng.SuiteRunner.runTest(SuiteRunner.java:334)
	at org.testng.SuiteRunner.access$000(SuiteRunner.java:37)
	at org.testng.SuiteRunner$SuiteWorker.run(SuiteRunner.java:368)
	at org.testng.internal.thread.ThreadUtil$2.call(ThreadUtil.java:64)
	at java.util.concurrent.FutureTask.run(FutureTask.java:266)
	at java.util.concurrent.ThreadPoolExecutor.runWorker(ThreadPoolExecutor.java:1149)
	at java.util.concurrent.ThreadPoolExecutor$Worker.run(ThreadPoolExecutor.java:624)
	at java.lang.Thread.run(Thread.java:748)
]]>
            </full-stacktrace>
          </exception> <!-- org.openqa.selenium.NoSuchElementException -->
          <reporter-output>
            <line>
              <![CDATA[Application started and page is on google search.]]>
            </line>
            <line>
              <![CDATA[Unable to search.]]>
            </line>
          </reporter-output>
        </test-method> <!-- VerifySearchResultScreen_TC001 -->
        <test-method status="PASS" signature="afterTest()[pri:0, instance:instaHire.Tests.SC_001@12843fce]" name="afterTest" is-config="true" duration-ms="655" started-at="2019-04-05T16:12:50Z" finished-at="2019-04-05T16:12:51Z">
          <reporter-output>
          </reporter-output>
        </test-method> <!-- afterTest -->
        <test-method status="PASS" signature="afterMethod()[pri:0, instance:instaHire.Tests.SC_001@12843fce]" name="afterMethod" is-config="true" duration-ms="0" started-at="2019-04-05T16:12:50Z" finished-at="2019-04-05T16:12:50Z">
          <reporter-output>
          </reporter-output>
        </test-method> <!-- afterMethod -->
      </class> <!-- instaHire.Tests.SC_001 -->
    </test> <!-- TestsForWinChrome -->
  </suite> <!-- Suite -->
</testng-results>
